<?xml version="1.0" encoding="UTF-8"?>
<!-- Generated by org.testng.reporters.JUnitXMLReporter -->
<testsuite hostname="DESKTOP-VUFLIJL" ignored="0" name="Default test" tests="3" failures="0" timestamp="16 Aug 2023 17:54:10 GMT" time="6.404" errors="0">
  <testcase name="weather_data" time="5.072" classname="com.weatherdata.Demo.WeatherPageTest"/>
  <testcase name="weather_in_C" time="0.913" classname="com.weatherdata.Demo.WeatherPageTest"/>
  <testcase name="test_PageData" time="0.207" classname="com.weatherdata.Demo.WeatherPageTest"/>
</testsuite> <!-- Default test -->
